[Licensing::Module] Trying to connect to existing licensing client channel...
Built from '6000.4/staging' branch; Version is '6000.4.0f1 (8cf496087c8f) revision 9237654'; Using compiler version '194234433'; Build Type 'Release'
OS: 'Windows 11  (10.0.26200) Core' Language: 'zh' Physical Memory: 32555 MB
BatchMode: 1, IsHumanControllingUs: 0, StartBugReporterOnCrash: 0, Is64bit: 1
System  architecture: x64
Process architecture: x64
Date: 2026-04-10T02:25:58Z
[Licensing::IpcConnector] Successfully connected to: "LicenseClient-barry" at "2026-04-10T02:25:58.9347019Z"

COMMAND LINE ARGUMENTS:
C:\Program Files\Unity\Hub\Editor\6000.4.0f1\Editor\Unity.exe
-adb2
-batchMode
-noUpm
-name
AssetImportWorker8
-projectPath
C:/Fork/Dragame
-logFile
Logs/AssetImportWorker8.log
-srvPort
55787
-licensingIpc
LicenseClient-barry
-force-d3d12
-job-worker-count
9
-background-job-worker-count
8
-gc-helper-count
1
-name
AssetImport
Successfully changed project path to: C:/Fork/Dragame
C:/Fork/Dragame
[UnityMemory] Configuration Parameters - Can be set up in boot.config
    "memorysetup-temp-allocator-size-gi-baking-worker=262144"
    "memorysetup-temp-allocator-size-gi-baking-worker=262144"
    "memorysetup-temp-allocator-size-gi-baking-worker=262144"
    "memorysetup-temp-allocator-size-gi-baking-worker=262144"
    "memorysetup-temp-allocator-size-gi-baking-worker=262144"
    "memorysetup-temp-allocator-size-nav-mesh-worker=65536"
    "memorysetup-temp-allocator-size-audio-worker=65536"
    "memorysetup-temp-allocator-size-cloud-worker=32768"
    "memorysetup-temp-allocator-size-gfx=262144"
    "memorysetup-temp-allocator-size-preload-manager=33554432"
    "memorysetup-temp-allocator-size-job-worker=262144"
    "memorysetup-temp-allocator-size-background-worker=32768"
    "memorysetup-allocator-temp-initial-block-size-main=262144"
    "memorysetup-allocator-temp-initial-block-size-worker=262144"
    "memorysetup-bucket-allocator-granularity=16"
    "memorysetup-bucket-allocator-bucket-count=8"
    "memorysetup-bucket-allocator-block-size=33554432"
    "memorysetup-bucket-allocator-block-count=8"
    "memorysetup-main-allocator-block-size=16777216"
    "memorysetup-thread-allocator-block-size=16777216"
    "memorysetup-gfx-main-allocator-block-size=16777216"
    "memorysetup-gfx-thread-allocator-block-size=16777216"
    "memorysetup-cache-allocator-block-size=4194304"
    "memorysetup-typetree-allocator-block-size=2097152"
    "memorysetup-profiler-bucket-allocator-granularity=16"
    "memorysetup-profiler-bucket-allocator-bucket-count=8"
    "memorysetup-profiler-bucket-allocator-block-size=33554432"
    "memorysetup-profiler-bucket-allocator-block-count=8"
    "memorysetup-profiler-allocator-block-size=16777216"
    "memorysetup-profiler-editor-allocator-block-size=1048576"
    "memorysetup-temp-allocator-size-main=16777216"
    "memorysetup-job-temp-allocator-block-size=2097152"
    "memorysetup-job-temp-allocator-block-size-background=1048576"
    "memorysetup-job-temp-allocator-reduction-small-platforms=262144"
Player connection [35940]  Target information:

Player connection [35940]  * "[IP] 192.168.100.101 [Port] 0 [Flags] 2 [Guid] 4138652446 [EditorId] 4138652446 [Version] 1048832 [Id] WindowsEditor(7,DESKTOP-KBI4K9N) [Debug] 1 [PackageName] WindowsEditor [ProjectName] Editor" 

Player connection [35940] Host joined multi-casting on [225.0.0.222:54997]...
Player connection [35940] Host joined alternative multi-casting on [225.0.0.222:34997]...
JobSystem: Creating JobQueue using job-worker-count value 9
Could not allocate memory: System out of memory!
Trying to allocate: 128B with 64 alignment. MemoryLabel: Thread
Allocation happened at: Line:11 in C:\build\output\unity\unity\Modules\NativeKernel\Source\Threads\AtomicQueue.cpp
Memory overview

[ ALLOC_MEMORYPROFILER ] used: 607608B &s| reserved: 1095297460432B 
[ ALLOC_TEMP_TLS ] used: 5516B &s| reserved: 1095297460432B 
[ ALLOC_DEFAULT ] used: 3549224B &s| reserved: 1095297460432B 
[ ALLOC_TEMP_JOB_1_FRAME ] used: 0B &s| reserved: 1095297460432B 
[ ALLOC_TEMP_JOB_2_FRAMES ] used: 0B &s| reserved: 1095297460432B 
[ ALLOC_TEMP_JOB_4_FRAMES (JobTemp) ] used: 0B &s| reserved: 1095297460432B 
[ ALLOC_TEMP_JOB_ASYNC (Background) ] used: 0B &s| reserved: 1095297460432B 
[ ALLOC_GFX ] used: 136B &s| reserved: 1095297460432B 
[ ALLOC_CACHEOBJECTS ] used: 17200B &s| reserved: 1095297460432B 
[ ALLOC_TYPETREE ] used: 136B &s| reserved: 1095297460432B 
[ ALLOC_PROFILER ] used: 0B &s| reserved: 1095297460432B 
[ ALLOC_PROFILER_EDITOR ] used: 0B &s| reserved: 1095297460432B 
Could not allocate memory: System out of memory!
Trying to allocate: 128B with 64 alignment. MemoryLabel: Thread
Allocation happened at: Line:11 in C:\build\output\unity\unity\Modules\NativeKernel\Source\Threads\AtomicQueue.cpp
Memory overview

[ ALLOC_MEMORYPROFILER ] used: 607608B &s| reserved: 1095297460432B 
[ ALLOC_TEMP_TLS ] used: 5516B &s| reserved: 1095297460432B 
[ ALLOC_DEFAULT ] used: 3549224B &s| reserved: 1095297460432B 
[ ALLOC_TEMP_JOB_1_FRAME ] used: 0B &s| reserved: 1095297460432B 
[ ALLOC_TEMP_JOB_2_FRAMES ] used: 0B &s| reserved: 1095297460432B 
[ ALLOC_TEMP_JOB_4_FRAMES (JobTemp) ] used: 0B &s| reserved: 1095297460432B 
[ ALLOC_TEMP_JOB_ASYNC (Background) ] used: 0B &s| reserved: 1095297460432B 
[ ALLOC_GFX ] used: 136B &s| reserved: 1095297460432B 
[ ALLOC_CACHEOBJECTS ] used: 17200B &s| reserved: 1095297460432B 
[ ALLOC_TYPETREE ] used: 136B &s| reserved: 1095297460432B 
[ ALLOC_PROFILER ] used: 0B &s| reserved: 1095297460432B 
[ ALLOC_PROFILER_EDITOR ] used: 0B &s| reserved: 1095297460432B 
Fatal Error! Could not allocate memory: System out of memory!
Trying to allocate: 128B with 64 alignment. MemoryLabel: Thread
Allocation happened at: Line:11 in C:\build\output\unity\unity\Modules\NativeKernel\Source\Threads\AtomicQueue.cpp
Memory overview

[ ALLOC_MEMORYPROFILER ] used: 607608B &s| reserved: 1095297460432B 
[ ALLOC_TEMP_TLS ] used: 5516B &s| reserved: 1095297460432B 
[ ALLOC_DEFAULT ] used: 3549224B &s| reserved: 1095297460432B 
[ ALLOC_TEMP_JOB_1_FRAME ] used: 0B &s| reserved: 1095297460432B 
[ ALLOC_TEMP_JOB_2_FRAMES ] used: 0B &s| reserved: 1095297460432B 
[ ALLOC_TEMP_JOB_4_FRAMES (JobTemp) ] used: 0B &s| reserved: 1095297460432B 
[ ALLOC_TEMP_JOB_ASYNC (Background) ] used: 0B &s| reserved: 1095297460432B 
[ ALLOC_GFX ] used: 136B &s| reserved: 1095297460432B 
[ ALLOC_CACHEOBJECTS ] used: 17200B &s| reserved: 1095297460432B 
[ ALLOC_TYPETREE ] used: 136B &s| reserved: 1095297460432B 
[ ALLOC_PROFILER ] used: 0B &s| reserved: 1095297460432B 
[ ALLOC_PROFILER_EDITOR ] used: 0B &s| reserved: 1095297460432B 

Crash!!!
SymInit: Symbol-SearchPath: 'C:/Program Files/Unity/Hub/Editor/6000.4.0f1/Editor/Data/Mono;.;C:\Fork\Dragame;C:\Fork\Dragame\Library\BurstCache\JIT;C:\Program Files\Unity\Hub\Editor\6000.4.0f1\Editor;C:\WINDOWS;C:\WINDOWS\system32;', symOptions: 534, UserName: 'barry'
OS-Version: 10.0.0
C:\Program Files\Unity\Hub\Editor\6000.4.0f1\Editor\Unity.exe:Unity.exe (00007FF7D48F0000), size: 290816 (result: 0), SymType: '-deferred-', PDB: '', fileVersion: 6000.4.0.62614
C:\WINDOWS\SYSTEM32\ntdll.dll:ntdll.dll (00007FF969E20000), size: 2519040 (result: 0), SymType: '-deferred-', PDB: '', fileVersion: 10.0.26100.8115
C:\WINDOWS\System32\KERNEL32.DLL:KERNEL32.DLL (00007FF9695B0000), size: 823296 (result: 0), SymType: '-deferred-', PDB: '', fileVersion: 10.0.26100.8115
C:\WINDOWS\System32\KERNELBASE.dll:KERNELBASE.dll (00007FF9666C0000), size: 4145152 (result: 0), SymType: '-deferred-', PDB: '', fileVersion: 10.0.26100.8115
C:\WINDOWS\System32\USER32.dll:USER32.dll (00007FF969970000), size: 1855488 (result: 0), SymType: '-deferred-', PDB: '', fileVersion: 10.0.26100.8115
C:\WINDOWS\System32\win32u.dll:win32u.dll (00007FF9670C0000), size: 159744 (result: 0), SymType: '-deferred-', PDB: '', fileVersion: 10.0.26100.8115
C:\WINDOWS\System32\GDI32.dll:GDI32.dll (00007FF969C80000), size: 176128 (result: 0), SymType: '-deferred-', PDB: '', fileVersion: 10.0.26100.8036
C:\WINDOWS\System32\gdi32full.dll:gdi32full.dll (00007FF966B50000), size: 1220608 (result: 0), SymType: '-deferred-', PDB: '', fileVersion: 10.0.26100.8115
C:\WINDOWS\System32\msvcp_win.dll:msvcp_win.dll (00007FF967AD0000), size: 667648 (result: 0), SymType: '-deferred-', PDB: '', fileVersion: 10.0.26100.8115
C:\WINDOWS\System32\ucrtbase.dll:ucrtbase.dll (00007FF966F70000), size: 1355776 (result: 0), SymType: '-deferred-', PDB: '', fileVersion: 10.0.26100.8115
C:\WINDOWS\System32\IMM32.DLL:IMM32.DLL (00007FF9698D0000), size: 204800 (result: 0), SymType: '-deferred-', PDB: '', fileVersion: 10.0.26100.8115
C:\Program Files\Unity\Hub\Editor\6000.4.0f1\Editor\Unity.dll:Unity.dll (00007FF8BAB60000), size: 93548544 (result: 0), SymType: '-deferred-', PDB: '', fileVersion: 6000.4.0.62614
C:\WINDOWS\System32\ADVAPI32.dll:ADVAPI32.dll (00007FF9692E0000), size: 745472 (result: 0), SymType: '-deferred-', PDB: '', fileVersion: 10.0.26100.8115
C:\WINDOWS\System32\msvcrt.dll:msvcrt.dll (00007FF969500000), size: 692224 (result: 0), SymType: '-deferred-', PDB: '', fileVersion: 7.0.26100.7623
C:\WINDOWS\System32\sechost.dll:sechost.dll (00007FF968FC0000), size: 684032 (result: 0), SymType: '-deferred-', PDB: '', fileVersion: 10.0.26100.8115
C:\WINDOWS\System32\RPCRT4.dll:RPCRT4.dll (00007FF967C00000), size: 1146880 (result: 0), SymType: '-deferred-', PDB: '', fileVersion: 10.0.26100.8036
C:\WINDOWS\System32\ole32.dll:ole32.dll (00007FF969680000), size: 1667072 (result: 0), SymType: '-deferred-', PDB: '', fileVersion: 10.0.26100.8115
C:\WINDOWS\System32\combase.dll:combase.dll (00007FF968470000), size: 3678208 (result: 0), SymType: '-deferred-', PDB: '', fileVersion: 10.0.26100.8115
C:\WINDOWS\System32\SETUPAPI.dll:SETUPAPI.dll (00007FF967EE0000), size: 4747264 (result: 0), SymType: '-deferred-', PDB: '', fileVersion: 10.0.26100.8115
C:\WINDOWS\System32\SHELL32.dll:SHELL32.dll (00007FF968800000), size: 7757824 (result: 0), SymType: '-deferred-', PDB: '', fileVersion: 10.0.26100.8115
C:\WINDOWS\System32\wintypes.dll:wintypes.dll (00007FF966E00000), size: 1482752 (result: 0), SymType: '-deferred-', PDB: '', fileVersion: 10.0.26100.8115
C:\WINDOWS\System32\shcore.dll:shcore.dll (00007FF969CB0000), size: 1011712 (result: 0), SymType: '-deferred-', PDB: '', fileVersion: 10.0.26100.8115
C:\WINDOWS\System32\SHLWAPI.dll:SHLWAPI.dll (00007FF967E70000), size: 417792 (result: 0), SymType: '-deferred-', PDB: '', fileVersion: 10.0.26100.8115
C:\WINDOWS\System32\Windows.Storage.dll:Windows.Storage.dll (00007FF9670F0000), size: 8802304 (result: 0), SymType: '-deferred-', PDB: '', fileVersion: 10.0.26100.8115
C:\WINDOWS\System32\CRYPT32.dll:CRYPT32.dll (00007FF966C80000), size: 1536000 (result: 0), SymType: '-deferred-', PDB: '', fileVersion: 10.0.26100.8115
C:\WINDOWS\System32\WS2_32.dll:WS2_32.dll (00007FF967D20000), size: 524288 (result: 0), SymType: '-deferred-', PDB: '', fileVersion: 10.0.26100.8115
C:\WINDOWS\System32\WINTRUST.dll:WINTRUST.dll (00007FF966AC0000), size: 532480 (result: 0), SymType: '-deferred-', PDB: '', fileVersion: 10.0.26100.8115
C:\WINDOWS\System32\OLEAUT32.dll:OLEAUT32.dll (00007FF968390000), size: 880640 (result: 0), SymType: '-deferred-', PDB: '', fileVersion: 10.0.26100.8115
C:\Program Files\Unity\Hub\Editor\6000.4.0f1\Editor\SketchUpAPI.dll:SketchUpAPI.dll (00007FF94D640000), size: 8990720 (result: 0), SymType: '-deferred-', PDB: '', fileVersion: 23.0.0.0
C:\Program Files\Unity\Hub\Editor\6000.4.0f1\Editor\OpenRL.dll:OpenRL.dll (0000000180000000), size: 12779520 (result: 0), SymType: '-deferred-', PDB: '', fileVersion: 1.5.0.2907
C:\Program Files\Unity\Hub\Editor\6000.4.0f1\Editor\libfbxsdk.dll:libfbxsdk.dll (00007FF94E190000), size: 8019968 (result: 0), SymType: '-deferred-', PDB: '', fileVersion: 2020.3.7.0
C:\Program Files\Unity\Hub\Editor\6000.4.0f1\Editor\s3tcompress.dll:s3tcompress.dll (00007FF94EBE0000), size: 180224 (result: 0), SymType: '-deferred-', PDB: ''
C:\Program Files\Unity\Hub\Editor\6000.4.0f1\Editor\ispc_texcomp.dll:ispc_texcomp.dll (00007FF94CE40000), size: 1826816 (result: 0), SymType: '-deferred-', PDB: ''
C:\Program Files\Unity\Hub\Editor\6000.4.0f1\Editor\compress_bc7e.dll:compress_bc7e.dll (00007FF94CCE0000), size: 1433600 (result: 0), SymType: '-deferred-', PDB: ''
C:\Program Files\Unity\Hub\Editor\6000.4.0f1\Editor\etccompress.dll:etccompress.dll (00007FF94D160000), size: 5070848 (result: 0), SymType: '-deferred-', PDB: ''
C:\WINDOWS\SYSTEM32\bcrypt.dll:bcrypt.dll (00007FF9665B0000), size: 172032 (result: 0), SymType: '-deferred-', PDB: '', fileVersion: 10.0.26100.8115
C:\WINDOWS\WinSxS\amd64_microsoft.windows.common-controls_6595b64144ccf1df_6.0.26100.8115_none_3e075c82e3354f9c\COMCTL32.dll:COMCTL32.dll (00007FF951110000), size: 2699264 (result: 0), SymType: '-deferred-', PDB: '', fileVersion: 6.10.26100.8115
C:\WINDOWS\SYSTEM32\d3d11.dll:d3d11.dll (00007FF963220000), size: 2502656 (result: 0), SymType: '-deferred-', PDB: '', fileVersion: 10.0.26100.8115
C:\Program Files\Unity\Hub\Editor\6000.4.0f1\Editor\WinPixEventRuntime.dll:WinPixEventRuntime.dll (00007FF954050000), size: 57344 (result: 0), SymType: '-deferred-', PDB: '', fileVersion: 1.0.2403.8001
C:\WINDOWS\SYSTEM32\dwmapi.dll:dwmapi.dll (00007FF964430000), size: 192512 (result: 0), SymType: '-deferred-', PDB: '', fileVersion: 10.0.26100.8115
C:\Program Files\Unity\Hub\Editor\6000.4.0f1\Editor\umbraoptimizer64.dll:umbraoptimizer64.dll (00007FF94CBB0000), size: 1187840 (result: 0), SymType: '-deferred-', PDB: ''
C:\WINDOWS\SYSTEM32\dxgi.dll:dxgi.dll (00007FF9642C0000), size: 1314816 (result: 0), SymType: '-deferred-', PDB: '', fileVersion: 10.0.26100.8115
C:\WINDOWS\SYSTEM32\d3d12.dll:d3d12.dll (00007FF931940000), size: 143360 (result: 0), SymType: '-deferred-', PDB: '', fileVersion: 10.0.26100.8115
C:\WINDOWS\SYSTEM32\IPHLPAPI.DLL:IPHLPAPI.DLL (00007FF964D70000), size: 204800 (result: 0), SymType: '-deferred-', PDB: '', fileVersion: 10.0.26100.8115
Could not allocate memory: System out of memory!
Trying to allocate: 188B with 16 alignment. MemoryLabel: String
Allocation happened at: Line:543 in C:\build\output\unity\unity\Modules\NativeKernel\Include\NativeKernel\Core\Containers\StringStorageDefault.h
Memory overview

[ ALLOC_MEMORYPROFILER ] used: 607760B &s| reserved: 1095308929152B 
[ ALLOC_TEMP_TLS ] used: 9776B &s| reserved: 1095308929152B 
[ ALLOC_DEFAULT ] used: 3553512B &s| reserved: 1095308929152B 
[ ALLOC_TEMP_JOB_1_FRAME ] used: 0B &s| reserved: 1095308929152B 
[ ALLOC_TEMP_JOB_2_FRAMES ] used: 0B &s| reserved: 1095308929152B 
[ ALLOC_TEMP_JOB_4_FRAMES (JobTemp) ] used: 0B &s| reserved: 1095308929152B 
[ ALLOC_TEMP_JOB_ASYNC (Background) ] used: 0B &s| reserved: 1095308929152B 
[ ALLOC_GFX ] used: 136B &s| reserved: 1095308929152B 
[ ALLOC_CACHEOBJECTS ] used: 17200B &s| reserved: 1095308929152B 
[ ALLOC_TYPETREE ] used: 136B &s| reserved: 1095308929152B 
[ ALLOC_PROFILER ] used: 0B &s| reserved: 1095308929152B 
[ ALLOC_PROFILER_EDITOR ] used: 0B &s| reserved: 1095308929152B 
Could not allocate memory: System out of memory!
Trying to allocate: 188B with 16 alignment. MemoryLabel: String
Allocation happened at: Line:543 in C:\build\output\unity\unity\Modules\NativeKernel\Include\NativeKernel\Core\Containers\StringStorageDefault.h
Memory overview

[ ALLOC_MEMORYPROFILER ] used: 607760B &s| reserved: 1095308929152B 
[ ALLOC_TEMP_TLS ] used: 9776B &s| reserved: 1095308929152B 
[ ALLOC_DEFAULT ] used: 3553512B &s| reserved: 1095308929152B 
[ ALLOC_TEMP_JOB_1_FRAME ] used: 0B &s| reserved: 1095308929152B 
[ ALLOC_TEMP_JOB_2_FRAMES ] used: 0B &s| reserved: 1095308929152B 
[ ALLOC_TEMP_JOB_4_FRAMES (JobTemp) ] used: 0B &s| reserved: 1095308929152B 
[ ALLOC_TEMP_JOB_ASYNC (Background) ] used: 0B &s| reserved: 1095308929152B 
[ ALLOC_GFX ] used: 136B &s| reserved: 1095308929152B 
[ ALLOC_CACHEOBJECTS ] used: 17200B &s| reserved: 1095308929152B 
[ ALLOC_TYPETREE ] used: 136B &s| reserved: 1095308929152B 
[ ALLOC_PROFILER ] used: 0B &s| reserved: 1095308929152B 
[ ALLOC_PROFILER_EDITOR ] used: 0B &s| reserved: 1095308929152B 
C:\WINDOWS\SYSTEM32\WINHTTP.dll:WINHTTP.dll (00007FF961130000), size: 1232896 (result: 0), SymType: '-deferred-', PDB: '', fileVersion: 10.0.26100.8115
C:\WINDOWS\SYSTEM32\WINMM.dll:WINMM.dll (00007FF95EEA0000), size: 221184 (result: 0), SymType: '-deferred-', PDB: '', fileVersion: 10.0.26100.8115
C:\WINDOWS\SYSTEM32\OPENGL32.dll:OPENGL32.dll (00007FF8C3700000), size: 1110016 (result: 0), SymType: '-deferred-', PDB: '', fileVersion: 10.0.26100.8115
Fatal Error! Could not allocate memory: System out of memory!
Trying to allocate: 188B with 16 alignment. MemoryLabel: String
Allocation happened at: Line:543 in C:\build\output\unity\unity\Modules\NativeKernel\Include\NativeKernel\Core\Containers\StringStorageDefault.h
Memory overview

[ ALLOC_MEMORYPROFILER ] used: 607760B &s| reserved: 1095308929152B 
[ ALLOC_TEMP_TLS ] used: 9776B &s| reserved: 1095308929152B 
[ ALLOC_DEFAULT ] used: 3553512B &s| reserved: 1095308929152B 
[ ALLOC_TEMP_JOB_1_FRAME ] used: 0B &s| reserved: 1095308929152B 
[ ALLOC_TEMP_JOB_2_FRAMES ] used: 0B &s| reserved: 1095308929152B 
[ ALLOC_TEMP_JOB_4_FRAMES (JobTemp) ] used: 0B &s| reserved: 1095308929152B 
[ ALLOC_TEMP_JOB_ASYNC (Background) ] used: 0B &s| reserved: 1095308929152B 
[ ALLOC_GFX ] used: 136B &s| reserved: 1095308929152B 
[ ALLOC_CACHEOBJECTS ] used: 17200B &s| reserved: 1095308929152B 
[ ALLOC_TYPETREE ] used: 136B &s| reserved: 1095308929152B 
[ ALLOC_PROFILER ] used: 0B &s| reserved: 1095308929152B 
[ ALLOC_PROFILER_EDITOR ] used: 0B &s| reserved: 1095308929152B 

C:\WINDOWS\SYSTEM32\HID.DLL:HID.DLL (00007FF964AE0000), size: 61440 (result: 0), SymType: '-deferred-', PDB: '', fileVersion: 10.0.26100.1150
C:\WINDOWS\SYSTEM32\GLU32.dll:GLU32.dll (00007FF8CC420000), size: 184320 (result: 0), SymType: '-deferred-', PDB: '', fileVersion: 10.0.26100.1150
C:\WINDOWS\SYSTEM32\VERSION.dll:VERSION.dll (00007FF95ED40000), size: 45056 (result: 0), SymType: '-deferred-', PDB: '', fileVersion: 10.0.26100.1150
C:\WINDOWS\SYSTEM32\MSVCP140.dll:MSVCP140.dll (00007FF940550000), size: 557056 (result: 0), SymType: '-deferred-', PDB: '', fileVersion: 14.50.35710.0
C:\WINDOWS\SYSTEM32\VCRUNTIME140.dll:VCRUNTIME140.dll (00007FF943840000), size: 122880 (result: 0), SymType: '-deferred-', PDB: '', fileVersion: 14.50.35710.0
C:\WINDOWS\SYSTEM32\VCRUNTIME140_1.dll:VCRUNTIME140_1.dll (00007FF943860000), size: 45056 (result: 0), SymType: '-deferred-', PDB: '', fileVersion: 14.50.35710.0
C:\Program Files\Unity\Hub\Editor\6000.4.0f1\Editor\NativeProxyHelper.dll:NativeProxyHelper.dll (00007FF94BA00000), size: 1789952 (result: 0), SymType: '-deferred-', PDB: ''
C:\Program Files\Unity\Hub\Editor\6000.4.0f1\Editor\SketchUpCommonPreferences.dll:SketchUpCommonPreferences.dll (00007FF94E110000), size: 499712 (result: 0), SymType: '-deferred-', PDB: '', fileVersion: 23.0.0.0
C:\WINDOWS\SYSTEM32\MSVCP100.dll:MSVCP100.dll (000000005F680000), size: 622592 (result: 0), SymType: '-deferred-', PDB: '', fileVersion: 10.0.40219.325
C:\WINDOWS\SYSTEM32\WSOCK32.dll:WSOCK32.dll (00007FF932AA0000), size: 40960 (result: 0), SymType: '-deferred-', PDB: '', fileVersion: 10.0.26100.1
C:\WINDOWS\SYSTEM32\MSVCR100.dll:MSVCR100.dll (000000005F5A0000), size: 860160 (result: 0), SymType: '-deferred-', PDB: '', fileVersion: 10.0.40219.325
C:\WINDOWS\SYSTEM32\Secur32.dll:Secur32.dll (00007FF963F10000), size: 53248 (result: 0), SymType: '-deferred-', PDB: '', fileVersion: 10.0.26100.7705
C:\WINDOWS\SYSTEM32\powrprof.dll:powrprof.dll (00007FF966520000), size: 385024 (result: 0), SymType: '-deferred-', PDB: '', fileVersion: 10.0.26100.3912
C:\WINDOWS\SYSTEM32\dxcore.dll:dxcore.dll (00007FF964270000), size: 274432 (result: 0), SymType: '-deferred-', PDB: '', fileVersion: 10.0.26100.8115
C:\WINDOWS\SYSTEM32\SSPICLI.DLL:SSPICLI.DLL (00007FF9656F0000), size: 299008 (result: 0), SymType: '-deferred-', PDB: '', fileVersion: 10.0.26100.8115
C:\Program Files\Unity\Hub\Editor\6000.4.0f1\Editor\embree.dll:embree.dll (00007FF94BBC0000), size: 16711680 (result: 0), SymType: '-deferred-', PDB: '', fileVersion: 2.14.0.0
C:\Program Files\Unity\Hub\Editor\6000.4.0f1\Editor\tbb.dll:tbb.dll (00007FF94E0C0000), size: 303104 (result: 0), SymType: '-deferred-', PDB: '', fileVersion: 2020.3.2022.1111
C:\Program Files\Unity\Hub\Editor\6000.4.0f1\Editor\FreeImage.dll:FreeImage.dll (000002B8635B0000), size: 5332992 (result: 0), SymType: '-deferred-', PDB: '', fileVersion: 3.18.0.0
C:\Program Files\Unity\Hub\Editor\6000.4.0f1\Editor\OpenRL_pthread.dll:OpenRL_pthread.dll (000002B861FF0000), size: 61440 (result: 0), SymType: '-deferred-', PDB: '', fileVersion: 2.9.0.0
C:\WINDOWS\SYSTEM32\cfgmgr32.DLL:cfgmgr32.DLL (00007FF966200000), size: 331776 (result: 0), SymType: '-deferred-', PDB: '', fileVersion: 10.0.26100.8115
C:\WINDOWS\SYSTEM32\MSWSOCK.DLL:MSWSOCK.DLL (00007FF9659C0000), size: 442368 (result: 0), SymType: '-deferred-', PDB: '', fileVersion: 10.0.26100.8115
C:\WINDOWS\SYSTEM32\UMPDC.dll:UMPDC.dll (00007FF966500000), size: 81920 (result: 0), SymType: '-deferred-', PDB: '', fileVersion: 10.0.26100.8115
C:\WINDOWS\SYSTEM32\MSASN1.dll:MSASN1.dll (00007FF965D10000), size: 77824 (result: 0), SymType: '-deferred-', PDB: '', fileVersion: 10.0.26100.7623
C:\WINDOWS\System32\bcryptprimitives.dll:bcryptprimitives.dll (00007FF967960000), size: 675840 (result: 0), SymType: '-deferred-', PDB: '', fileVersion: 10.0.26100.8115
C:\WINDOWS\SYSTEM32\kernel.appcore.dll:kernel.appcore.dll (00007FF965450000), size: 110592 (result: 0), SymType: '-deferred-', PDB: '', fileVersion: 10.0.26100.7920
C:\WINDOWS\system32\uxtheme.dll:uxtheme.dll (00007FF964170000), size: 692224 (result: 0), SymType: '-deferred-', PDB: '', fileVersion: 10.0.26100.8115
C:\WINDOWS\SYSTEM32\profapi.dll:profapi.dll (00007FF9665E0000), size: 167936 (result: 0), SymType: '-deferred-', PDB: '', fileVersion: 10.0.26100.8115
C:\WINDOWS\System32\clbcatq.dll:clbcatq.dll (00007FF967DB0000), size: 712704 (result: 0), SymType: '-deferred-', PDB: '', fileVersion: 2001.12.10941.16384
C:\WINDOWS\system32\IconCodecService.dll:IconCodecService.dll (00007FF937440000), size: 45056 (result: 0), SymType: '-deferred-', PDB: '', fileVersion: 10.0.26100.1
C:\WINDOWS\SYSTEM32\WindowsCodecs.dll:WindowsCodecs.dll (00007FF962730000), size: 2285568 (result: 0), SymType: '-deferred-', PDB: '', fileVersion: 10.0.26100.8115
C:\WINDOWS\system32\wbem\wbemprox.dll:wbemprox.dll (00007FF951BA0000), size: 73728 (result: 0), SymType: '-deferred-', PDB: '', fileVersion: 10.0.26100.8115
C:\WINDOWS\SYSTEM32\wbemcomn.dll:wbemcomn.dll (00007FF951B20000), size: 499712 (result: 0), SymType: '-deferred-', PDB: '', fileVersion: 10.0.26100.7920
C:\WINDOWS\SYSTEM32\CRYPTSP.dll:CRYPTSP.dll (00007FF965CA0000), size: 110592 (result: 0), SymType: '-deferred-', PDB: '', fileVersion: 10.0.26100.7705
C:\WINDOWS\system32\rsaenh.dll:rsaenh.dll (00007FF9653B0000), size: 233472 (result: 0), SymType: '-deferred-', PDB: '', fileVersion: 10.0.26100.7705
C:\WINDOWS\SYSTEM32\CRYPTBASE.dll:CRYPTBASE.dll (00007FF965CC0000), size: 49152 (result: 0), SymType: '-deferred-', PDB: '', fileVersion: 10.0.26100.8115
C:\WINDOWS\System32\imagehlp.dll:imagehlp.dll (00007FF969B50000), size: 131072 (result: 0), SymType: '-deferred-', PDB: '', fileVersion: 10.0.26100.4202
C:\WINDOWS\System32\netprofm.dll:netprofm.dll (00007FF961A40000), size: 450560 (result: 0), SymType: '-deferred-', PDB: '', fileVersion: 10.0.26100.8115
C:\WINDOWS\system32\wbem\wbemsvc.dll:wbemsvc.dll (00007FF950930000), size: 86016 (result: 0), SymType: '-deferred-', PDB: '', fileVersion: 10.0.26100.8115
C:\WINDOWS\SYSTEM32\gpapi.dll:gpapi.dll (00007FF965A30000), size: 196608 (result: 0), SymType: '-deferred-', PDB: '', fileVersion: 10.0.26100.8115
C:\WINDOWS\System32\npmproxy.dll:npmproxy.dll (00007FF95EE80000), size: 102400 (result: 0), SymType: '-deferred-', PDB: '', fileVersion: 10.0.26100.8115
C:\WINDOWS\system32\wbem\fastprox.dll:fastprox.dll (00007FF9513B0000), size: 983040 (result: 0), SymType: '-deferred-', PDB: '', fileVersion: 10.0.26100.8115
C:\WINDOWS\SYSTEM32\amsi.dll:amsi.dll (00007FF944BC0000), size: 118784 (result: 0), SymType: '-deferred-', PDB: '', fileVersion: 10.0.26100.7309
C:\WINDOWS\SYSTEM32\USERENV.dll:USERENV.dll (00007FF965A70000), size: 208896 (result: 0), SymType: '-deferred-', PDB: '', fileVersion: 10.0.26100.8115
C:\Windows\System32\cryptnet.dll:cryptnet.dll (00007FF959460000), size: 241664 (result: 0), SymType: '-deferred-', PDB: '', fileVersion: 10.0.26100.8115
C:\Program Files (x86)\Kaspersky Lab\Kaspersky Internet Security 21.3\x64\antimalware_provider.dll:antimalware_provider.dll (00007FF944420000), size: 2277376 (result: 0), SymType: '-deferred-', PDB: '', fileVersion: 30.587.0.880
C:\WINDOWS\SYSTEM32\WINNSI.DLL:WINNSI.DLL (00007FF964100000), size: 57344 (result: 0), SymType: '-deferred-', PDB: '', fileVersion: 10.0.26100.8115
C:\WINDOWS\System32\NSI.dll:NSI.dll (00007FF969820000), size: 40960 (result: 0), SymType: '-deferred-', PDB: '', fileVersion: 10.0.26100.8115
C:\WINDOWS\SYSTEM32\dhcpcsvc6.DLL:dhcpcsvc6.DLL (00007FF960F90000), size: 118784 (result: 0), SymType: '-deferred-', PDB: '', fileVersion: 10.0.26100.8115
C:\WINDOWS\SYSTEM32\dhcpcsvc.DLL:dhcpcsvc.DLL (00007FF960CE0000), size: 151552 (result: 0), SymType: '-deferred-', PDB: '', fileVersion: 10.0.26100.8115
C:\WINDOWS\SYSTEM32\DNSAPI.dll:DNSAPI.dll (00007FF964E90000), size: 1253376 (result: 0), SymType: '-deferred-', PDB: '', fileVersion: 10.0.26100.8115
C:\WINDOWS\system32\napinsp.dll:napinsp.dll (00007FF93F150000), size: 98304 (result: 0), SymType: '-deferred-', PDB: '', fileVersion: 10.0.26100.1150
C:\WINDOWS\System32\winrnr.dll:winrnr.dll (00007FF93F130000), size: 77824 (result: 0), SymType: '-deferred-', PDB: '', fileVersion: 10.0.26100.8115
C:\WINDOWS\system32\nlansp_c.dll:nlansp_c.dll (00007FF93F100000), size: 139264 (result: 0), SymType: '-deferred-', PDB: '', fileVersion: 10.0.26100.8115
C:\WINDOWS\system32\wshbth.dll:wshbth.dll (00007FF93F0E0000), size: 90112 (result: 0), SymType: '-deferred-', PDB: '', fileVersion: 10.0.26100.5074
C:\WINDOWS\System32\fwpuclnt.dll:fwpuclnt.dll (00007FF960000000), size: 548864 (result: 0), SymType: '-deferred-', PDB: '', fileVersion: 10.0.26100.7920
C:\Windows\System32\rasadhlp.dll:rasadhlp.dll (00007FF957280000), size: 45056 (result: 0), SymType: '-deferred-', PDB: '', fileVersion: 10.0.26100.7920
C:\WINDOWS\SYSTEM32\dbghelp.dll:dbghelp.dll (00007FF954890000), size: 2367488 (result: 0), SymType: '-deferred-', PDB: '', fileVersion: 10.0.26100.5074
C:\WINDOWS\System32\psapi.dll:psapi.dll (00007FF969B40000), size: 32768 (result: 0), SymType: '-deferred-', PDB: '', fileVersion: 10.0.26100.1

========== OUTPUTTING STACK TRACE ==================

0x00007FF9667879DA (KERNELBASE) RaiseException
0x00007FF8BC1496A1 (Unity) udnSetPath
0x00007FF8BC14A3A3 (Unity) udnSetPath
0x00007FF8BDEB9538 (Unity) udnSetPath
0x00007FF8BDEB8D41 (Unity) udnSetPath
0x00007FF8BDEE4AF1 (Unity) udnSetPath
0x00007FF8BDEDE33E (Unity) udnSetPath
0x00007FF8BDEDC63B (Unity) udnSetPath
0x00007FF8BDECD98A (Unity) udnSetPath
0x00007FF8BDAE0B6A (Unity) udnSetPath
0x00007FF8BDAE32C7 (Unity) udnSetPath
0x00007FF8BDAE3F2D (Unity) udnSetPath
0x00007FF8BDAE501F (Unity) udnSetPath
0x00007FF8BDAA9607 (Unity) udnSetPath
0x00007FF8BC03A13C (Unity) udnSetPath
0x00007FF8BBA44B03 (Unity) UnityMain
0x00007FF7D48F2F2A (Unity) __scrt_common_main_seh
0x00007FF9695DE8D7 (KERNEL32) BaseThreadInitThunk
0x00007FF969EAC3FC (ntdll) RtlUserThreadStart

========== END OF STACKTRACE ===========

A crash has been intercepted by the crash handler. For call stack and other details, see the latest crash report generated in:
 * C:/Users/barry/AppData/Local/Temp/Unity/Editor/Crashes
