Using pre-set license
Built from '6000.0/respin/6000.0.60f1-f02d6f9f9009' branch; Version is '6000.0.60f1 (61dfb374e36f) revision 6414259'; Using compiler version '193933523'; Build Type 'Release'
OS: 'Windows 11  (10.0.26100) 64bit Professional' Language: 'zh' Physical Memory: 16220 MB
BatchMode: 1, IsHumanControllingUs: 0, StartBugReporterOnCrash: 0, Is64bit: 1
Date: 2025-12-12T09:10:39Z

COMMAND LINE ARGUMENTS:
C:\Program Files\Unity\Hub\Editor\6000.0.60f1\Editor\Unity.exe
-adb2
-batchMode
-noUpm
-name
AssetImportWorker3
-projectPath
C:/Users/USER/Dragame
-logFile
Logs/AssetImportWorker3.log
-srvPort
13875
-job-worker-count
3
-background-job-worker-count
8
-gc-helper-count
1
-name
AssetImport
Successfully changed project path to: C:/Users/USER/Dragame
C:/Users/USER/Dragame
[UnityMemory] Configuration Parameters - Can be set up in boot.config
    "memorysetup-bucket-allocator-granularity=16"
    "memorysetup-bucket-allocator-bucket-count=8"
    "memorysetup-bucket-allocator-block-size=33554432"
    "memorysetup-bucket-allocator-block-count=8"
    "memorysetup-main-allocator-block-size=16777216"
    "memorysetup-thread-allocator-block-size=16777216"
    "memorysetup-gfx-main-allocator-block-size=16777216"
    "memorysetup-gfx-thread-allocator-block-size=16777216"
    "memorysetup-cache-allocator-block-size=4194304"
    "memorysetup-typetree-allocator-block-size=2097152"
    "memorysetup-profiler-bucket-allocator-granularity=16"
    "memorysetup-profiler-bucket-allocator-bucket-count=8"
    "memorysetup-profiler-bucket-allocator-block-size=33554432"
    "memorysetup-profiler-bucket-allocator-block-count=8"
    "memorysetup-profiler-allocator-block-size=16777216"
    "memorysetup-profiler-editor-allocator-block-size=1048576"
    "memorysetup-temp-allocator-size-main=16777216"
    "memorysetup-job-temp-allocator-block-size=2097152"
    "memorysetup-job-temp-allocator-block-size-background=1048576"
    "memorysetup-job-temp-allocator-reduction-small-platforms=262144"
    "memorysetup-allocator-temp-initial-block-size-main=262144"
    "memorysetup-allocator-temp-initial-block-size-worker=262144"
    "memorysetup-temp-allocator-size-background-worker=32768"
    "memorysetup-temp-allocator-size-job-worker=262144"
    "memorysetup-temp-allocator-size-preload-manager=33554432"
    "memorysetup-temp-allocator-size-nav-mesh-worker=65536"
    "memorysetup-temp-allocator-size-audio-worker=65536"
    "memorysetup-temp-allocator-size-cloud-worker=32768"
    "memorysetup-temp-allocator-size-gi-baking-worker=262144"
    "memorysetup-temp-allocator-size-gi-baking-worker=262144"
    "memorysetup-temp-allocator-size-gi-baking-worker=262144"
    "memorysetup-temp-allocator-size-gi-baking-worker=262144"
    "memorysetup-temp-allocator-size-gi-baking-worker=262144"
    "memorysetup-temp-allocator-size-gfx=262144"
Player connection [7052]  Target information:

Player connection [7052]  * "[IP] 172.20.10.8 [Port] 0 [Flags] 2 [Guid] 1020992810 [EditorId] 1020992810 [Version] 1048832 [Id] WindowsEditor(7,DESKTOP-7HDM6DQ) [Debug] 1 [PackageName] WindowsEditor [ProjectName] Editor" 

Player connection [7052] Host joined multi-casting on [225.0.0.222:54997]...
Player connection [7052] Host joined alternative multi-casting on [225.0.0.222:34997]...
JobSystem: Creating JobQueue using job-worker-count value 3
Input System module state changed to: Initialized.
[Physics::Module] Initialized fallback backend.
[Physics::Module] Id: 0xdecafbad
Library Redirect Path: Library/
[Physics::Module] Selected backend.
[Physics::Module] Name: PhysX
[Physics::Module] Id: 0xf2b8ea05
[Physics::Module] SDK Version: 4.1.2
[Physics::Module] Integration Version: 1.0.0
[Physics::Module] Threading Mode: Multi-Threaded
Refreshing native plugins compatible for Editor in 2.51 ms, found 3 plugins.
Preloading 0 native plugins for Editor in 0.00 ms.
Initialize engine version: 6000.0.60f1 (61dfb374e36f)
[Subsystems] Discovering subsystems at path C:/Program Files/Unity/Hub/Editor/6000.0.60f1/Editor/Data/Resources/UnitySubsystems
[Subsystems] Discovering subsystems at path C:/Users/USER/Dragame/Assets
GfxDevice: creating device client; kGfxThreadingModeNonThreaded
Direct3D:
    Version:  Direct3D 11.0 [level 11.0]
    Renderer: NVIDIA GeForce MX110 (ID=0x174e)
    Vendor:   NVIDIA
    VRAM:     2001 MB
    Driver:   32.0.15.8129
Shader Hidden/ProbeVolume/VoxelizeScene is not supported: GPU does not support conservative rasterization
Initialize mono
Mono path[0] = 'C:/Program Files/Unity/Hub/Editor/6000.0.60f1/Editor/Data/Managed'
Mono path[1] = 'C:/Program Files/Unity/Hub/Editor/6000.0.60f1/Editor/Data/MonoBleedingEdge/lib/mono/unityjit-win32'
Mono config path = 'C:/Program Files/Unity/Hub/Editor/6000.0.60f1/Editor/Data/MonoBleedingEdge/etc'
Using monoOptions --debugger-agent=transport=dt_socket,embedding=1,server=y,suspend=n,address=127.0.0.1:56536
Begin MonoManager ReloadAssembly
Registering precompiled unity dll's ...
Register platform support module: C:/Program Files/Unity/Hub/Editor/6000.0.60f1/Editor/Data/PlaybackEngines/WindowsStandaloneSupport/UnityEditor.WindowsStandalone.Extensions.dll
Registered in 0.003227 seconds.
- Loaded All Assemblies, in  0.446 seconds
Native extension for WindowsStandalone target not found
Mono: successfully reloaded assembly
- Finished resetting the current domain, in  0.426 seconds
Domain Reload Profiling: 870ms
	BeginReloadAssembly (152ms)
		ExecutionOrderSort (0ms)
		DisableScriptedObjects (0ms)
		BackupInstance (0ms)
		ReleaseScriptingObjects (0ms)
		CreateAndSetChildDomain (1ms)
	RebuildCommonClasses (41ms)
	RebuildNativeTypeToScriptingClass (14ms)
	initialDomainReloadingComplete (54ms)
	LoadAllAssembliesAndSetupDomain (182ms)
		LoadAssemblies (149ms)
		RebuildTransferFunctionScriptingTraits (0ms)
		AnalyzeDomain (179ms)
			TypeCache.Refresh (177ms)
				TypeCache.ScanAssembly (162ms)
			BuildScriptInfoCaches (0ms)
			ResolveRequiredComponents (1ms)
	FinalizeReload (426ms)
		ReleaseScriptCaches (0ms)
		RebuildScriptCaches (0ms)
		SetupLoadedEditorAssemblies (340ms)
			LogAssemblyErrors (0ms)
			InitializePlatformSupportModulesInManaged (27ms)
			SetLoadedEditorAssemblies (6ms)
			BeforeProcessingInitializeOnLoad (86ms)
			ProcessInitializeOnLoadAttributes (165ms)
			ProcessInitializeOnLoadMethodAttributes (56ms)
			AfterProcessingInitializeOnLoad (0ms)
			EditorAssembliesLoaded (0ms)
		ExecutionOrderSort2 (0ms)
		AwakeInstancesAfterBackupRestoration (0ms)
========================================================================
Worker process is ready to serve import requests
Import Worker Mode flag is 0x00
Begin MonoManager ReloadAssembly
- Loaded All Assemblies, in  0.975 seconds
Refreshing native plugins compatible for Editor in 1.10 ms, found 3 plugins.
Native extension for WindowsStandalone target not found
Package Manager log level set to [2]
[Package Manager] Failed to launch server process. Reason: Unity was launched with the -noUpm command-line argument
[Package Manager] Unable to send message (not connected to server process).
[Package Manager] Cannot connect to Unity Package Manager local server
Mono: successfully reloaded assembly
- Finished resetting the current domain, in  0.796 seconds
Domain Reload Profiling: 1765ms
	BeginReloadAssembly (201ms)
		ExecutionOrderSort (0ms)
		DisableScriptedObjects (7ms)
		BackupInstance (0ms)
		ReleaseScriptingObjects (0ms)
		CreateAndSetChildDomain (28ms)
	RebuildCommonClasses (53ms)
	RebuildNativeTypeToScriptingClass (21ms)
	initialDomainReloadingComplete (55ms)
	LoadAllAssembliesAndSetupDomain (638ms)
		LoadAssemblies (437ms)
		RebuildTransferFunctionScriptingTraits (0ms)
		AnalyzeDomain (317ms)
			TypeCache.Refresh (242ms)
				TypeCache.ScanAssembly (221ms)
			BuildScriptInfoCaches (60ms)
			ResolveRequiredComponents (12ms)
	FinalizeReload (797ms)
		ReleaseScriptCaches (0ms)
		RebuildScriptCaches (0ms)
		SetupLoadedEditorAssemblies (593ms)
			LogAssemblyErrors (0ms)
			InitializePlatformSupportModulesInManaged (2ms)
			SetLoadedEditorAssemblies (6ms)
			BeforeProcessingInitializeOnLoad (136ms)
			ProcessInitializeOnLoadAttributes (383ms)
			ProcessInitializeOnLoadMethodAttributes (61ms)
			AfterProcessingInitializeOnLoad (6ms)
			EditorAssembliesLoaded (0ms)
		ExecutionOrderSort2 (0ms)
		AwakeInstancesAfterBackupRestoration (6ms)
Shader Hidden/ProbeVolume/VoxelizeScene is not supported: GPU does not support conservative rasterization
Launched and connected shader compiler UnityShaderCompiler.exe after 0.04 seconds
Refreshing native plugins compatible for Editor in 2.70 ms, found 3 plugins.
Preloading 0 native plugins for Editor in 0.00 ms.
Unloading 13 Unused Serialized files (Serialized files now loaded: 0)
Unloading 6156 unused Assets / (4.5 MB). Loaded Objects now: 6855.
Memory consumption went from 126.0 MB to 121.5 MB.
Total: 19.094600 ms (FindLiveObjects: 1.090200 ms CreateObjectMapping: 1.792100 ms MarkObjects: 11.433000 ms  DeleteObjects: 4.777900 ms)

========================================================================
Received Import Request.
  Time since last request: 1051.378906 seconds.
  path: Assets/barry/Sweep/Animation/broom animation/大力掃右下.png
  artifactKey: Guid(59b2fee1d57a34a4982ca02223976797) Importer(815301076,1909f56bfc062723c751e8b465ee728b)
Start importing Assets/barry/Sweep/Animation/broom animation/大力掃右下.png using Guid(59b2fee1d57a34a4982ca02223976797) Importer(815301076,1909f56bfc062723c751e8b465ee728b) (PreviewImporter) -> (artifact id: '2caf555755f10f7ffe9b4a0cb2480b0c') in 0.480288 seconds
Number of updated asset objects reloaded before import = 0Number of asset objects unloaded after import = 12

========================================================================
Received Import Request.
  Time since last request: 0.000041 seconds.
  path: Assets/barry/Sweep/Animation/broom animation/大力掃左上.png
  artifactKey: Guid(d4c36cae4a452aa47a10423efe58e7a2) Importer(815301076,1909f56bfc062723c751e8b465ee728b)
Start importing Assets/barry/Sweep/Animation/broom animation/大力掃左上.png using Guid(d4c36cae4a452aa47a10423efe58e7a2) Importer(815301076,1909f56bfc062723c751e8b465ee728b) (PreviewImporter) -> (artifact id: 'dd15b42a30afa37253021d460b1305da') in 0.2295321 seconds
Number of updated asset objects reloaded before import = 0Number of asset objects unloaded after import = 16

========================================================================
Received Import Request.
  Time since last request: 0.000054 seconds.
  path: Assets/barry/Sweep/Animation/broom animation/左掃.png
  artifactKey: Guid(c44ea2de0f46bdf4eabf563ba143ff66) Importer(815301076,1909f56bfc062723c751e8b465ee728b)
Start importing Assets/barry/Sweep/Animation/broom animation/左掃.png using Guid(c44ea2de0f46bdf4eabf563ba143ff66) Importer(815301076,1909f56bfc062723c751e8b465ee728b) (PreviewImporter) -> (artifact id: '1836dcd71d2b82586d005fd5e971c670') in 0.1166127 seconds
Number of updated asset objects reloaded before import = 0Number of asset objects unloaded after import = 8

========================================================================
Received Import Request.
  Time since last request: 451.167769 seconds.
  path: Assets/InputSystem_Actions.inputactions
  artifactKey: Guid(052faaac586de48259a63d0c4782560b) Importer(2089858483,192608db42251d675da83286b1cce702)
Start importing Assets/InputSystem_Actions.inputactions using Guid(052faaac586de48259a63d0c4782560b) Importer(2089858483,192608db42251d675da83286b1cce702) (ScriptedImporter) -> (artifact id: '26a6df6dd8bdcbb52f54ba22120d0244') in 0.5948261 seconds
Number of updated asset objects reloaded before import = 0Number of asset objects unloaded after import = 25

========================================================================
Received Import Request.
  Time since last request: 0.000022 seconds.
  path: Assets/barry/Sweep/Animation/broom animation/fall.anim
  artifactKey: Guid(38d8191dab37dfa4f820ad833dce06fd) Importer(2089858483,192608db42251d675da83286b1cce702)
Start importing Assets/barry/Sweep/Animation/broom animation/fall.anim using Guid(38d8191dab37dfa4f820ad833dce06fd) Importer(2089858483,192608db42251d675da83286b1cce702) (ScriptedImporter) -> (artifact id: '67ffc1fda265a56f3321c8ef40b71e53') in 0.0443891 seconds
Number of updated asset objects reloaded before import = 0Number of asset objects unloaded after import = 1

========================================================================
Received Import Request.
  Time since last request: 0.000029 seconds.
  path: Assets/TextMesh Pro/Shaders/TMP_SDF-Mobile.shader
  artifactKey: Guid(fe393ace9b354375a9cb14cdbbc28be4) Importer(2089858483,192608db42251d675da83286b1cce702)
Start importing Assets/TextMesh Pro/Shaders/TMP_SDF-Mobile.shader using Guid(fe393ace9b354375a9cb14cdbbc28be4) Importer(2089858483,192608db42251d675da83286b1cce702) (ScriptedImporter) -> (artifact id: '46f1b30cf3c505542275cd5a9bd3548a') in 0.0296674 seconds
Number of updated asset objects reloaded before import = 0Number of asset objects unloaded after import = 1

========================================================================
Received Import Request.
  Time since last request: 0.000023 seconds.
  path: Assets/barry/Sweep/Script/WorldBounds2D.cs
  artifactKey: Guid(3519dc61c566cb441aefdd02b422d42b) Importer(2089858483,192608db42251d675da83286b1cce702)
Start importing Assets/barry/Sweep/Script/WorldBounds2D.cs using Guid(3519dc61c566cb441aefdd02b422d42b) Importer(2089858483,192608db42251d675da83286b1cce702) (ScriptedImporter) -> (artifact id: '654d5e9bf5c4a88cda277f23ea80b684') in 0.0275776 seconds
Number of updated asset objects reloaded before import = 0Number of asset objects unloaded after import = 0

========================================================================
Received Import Request.
  Time since last request: 0.000019 seconds.
  path: Assets/TextMesh Pro/Shaders/TMP_SDF SSD.shader
  artifactKey: Guid(14eb328de4b8eb245bb7cea29e4ac00b) Importer(2089858483,192608db42251d675da83286b1cce702)
Start importing Assets/TextMesh Pro/Shaders/TMP_SDF SSD.shader using Guid(14eb328de4b8eb245bb7cea29e4ac00b) Importer(2089858483,192608db42251d675da83286b1cce702) (ScriptedImporter) -> (artifact id: 'e8b6788a40e321eb9438cf63db2cd0db') in 0.0236472 seconds
Number of updated asset objects reloaded before import = 0Number of asset objects unloaded after import = 1

========================================================================
Received Import Request.
  Time since last request: 0.000027 seconds.
  path: Assets/TextMesh Pro/Resources/TMP Settings.asset
  artifactKey: Guid(3f5b5dff67a942289a9defa416b206f3) Importer(2089858483,192608db42251d675da83286b1cce702)
Start importing Assets/TextMesh Pro/Resources/TMP Settings.asset using Guid(3f5b5dff67a942289a9defa416b206f3) Importer(2089858483,192608db42251d675da83286b1cce702) (ScriptedImporter) -> (artifact id: '86e8a08ebeb179ce6417f29fc12c45ca') in 0.073501 seconds
Number of updated asset objects reloaded before import = 0Number of asset objects unloaded after import = 15

========================================================================
Received Import Request.
  Time since last request: 0.000034 seconds.
  path: Assets/TextMesh Pro/Resources/LineBreaking Following Characters.txt
  artifactKey: Guid(fade42e8bc714b018fac513c043d323b) Importer(2089858483,192608db42251d675da83286b1cce702)
Start importing Assets/TextMesh Pro/Resources/LineBreaking Following Characters.txt using Guid(fade42e8bc714b018fac513c043d323b) Importer(2089858483,192608db42251d675da83286b1cce702) (ScriptedImporter) -> (artifact id: '0d4d68cb8ff8f7b7f50d027903a69d3b') in 0.019597 seconds
Number of updated asset objects reloaded before import = 0Number of asset objects unloaded after import = 1

========================================================================
Received Import Request.
  Time since last request: 0.000050 seconds.
  path: Assets/barry/Sweep/spirte/Paper ball.png
  artifactKey: Guid(edfa3699a93428444a95c4a4c86973f4) Importer(2089858483,192608db42251d675da83286b1cce702)
Start importing Assets/barry/Sweep/spirte/Paper ball.png using Guid(edfa3699a93428444a95c4a4c86973f4) Importer(2089858483,192608db42251d675da83286b1cce702) (ScriptedImporter) -> (artifact id: 'c166a5351893385b4dd5e96cc9b3d627') in 0.1002524 seconds
Number of updated asset objects reloaded before import = 0Number of asset objects unloaded after import = 3

========================================================================
Received Import Request.
  Time since last request: 0.000023 seconds.
  path: Assets/barry/Sweep/Animation/broom animation/hard_right.anim
  artifactKey: Guid(7a4d8ecd621a61f45bbad92f67a76f3f) Importer(2089858483,192608db42251d675da83286b1cce702)
Start importing Assets/barry/Sweep/Animation/broom animation/hard_right.anim using Guid(7a4d8ecd621a61f45bbad92f67a76f3f) Importer(2089858483,192608db42251d675da83286b1cce702) (ScriptedImporter) -> (artifact id: '9b322a3e146faf23e728a30ac800048f') in 0.0319554 seconds
Number of updated asset objects reloaded before import = 0Number of asset objects unloaded after import = 1

========================================================================
Received Import Request.
  Time since last request: 0.000025 seconds.
  path: Assets/TextMesh Pro/Resources/Style Sheets/Default Style Sheet.asset
  artifactKey: Guid(f952c082cb03451daed3ee968ac6c63e) Importer(2089858483,192608db42251d675da83286b1cce702)
Start importing Assets/TextMesh Pro/Resources/Style Sheets/Default Style Sheet.asset using Guid(f952c082cb03451daed3ee968ac6c63e) Importer(2089858483,192608db42251d675da83286b1cce702) (ScriptedImporter) -> (artifact id: 'beb74c9041fb41e5793087341cd6f7a0') in 0.0212452 seconds
Number of updated asset objects reloaded before import = 0Number of asset objects unloaded after import = 1

========================================================================
Received Import Request.
  Time since last request: 0.000020 seconds.
  path: Assets/barry/Sweep/Animation/broom animation/left_up.anim
  artifactKey: Guid(9e815c70b8265bb4f92be63807fe87be) Importer(2089858483,192608db42251d675da83286b1cce702)
Start importing Assets/barry/Sweep/Animation/broom animation/left_up.anim using Guid(9e815c70b8265bb4f92be63807fe87be) Importer(2089858483,192608db42251d675da83286b1cce702) (ScriptedImporter) -> (artifact id: 'a95abbb062bc92aaa111016a40dca729') in 0.033072 seconds
Number of updated asset objects reloaded before import = 0Number of asset objects unloaded after import = 1

========================================================================
Received Import Request.
  Time since last request: 0.000018 seconds.
  path: Assets/barry/Sweep/spirte/—Pngtree—simulated garbage green cans_4659909.png
  artifactKey: Guid(830824fbd9e13534fb020c8e826911f9) Importer(2089858483,192608db42251d675da83286b1cce702)
Start importing Assets/barry/Sweep/spirte/—Pngtree—simulated garbage green cans_4659909.png using Guid(830824fbd9e13534fb020c8e826911f9) Importer(2089858483,192608db42251d675da83286b1cce702) (ScriptedImporter) -> (artifact id: '27fe03915c7f4c4f7cb750d0ccd67fdf') in 0.0497397 seconds
Number of updated asset objects reloaded before import = 0Number of asset objects unloaded after import = 3

========================================================================
Received Import Request.
  Time since last request: 0.000022 seconds.
  path: Assets/barry/Sweep/Script/DragLine.cs
  artifactKey: Guid(67140e42fff6aeb40ae64775e2fa18d6) Importer(2089858483,192608db42251d675da83286b1cce702)
Start importing Assets/barry/Sweep/Script/DragLine.cs using Guid(67140e42fff6aeb40ae64775e2fa18d6) Importer(2089858483,192608db42251d675da83286b1cce702) (ScriptedImporter) -> (artifact id: '33f0363b20f640d68cc0fbe2e91ea138') in 0.0183115 seconds
Number of updated asset objects reloaded before import = 0Number of asset objects unloaded after import = 0

========================================================================
Received Import Request.
  Time since last request: 0.000033 seconds.
  path: Assets/barry/Sweep/Script/SpatialGridManager.cs
  artifactKey: Guid(358775f062f690444a01eeaa73bd18b1) Importer(2089858483,192608db42251d675da83286b1cce702)
Start importing Assets/barry/Sweep/Script/SpatialGridManager.cs using Guid(358775f062f690444a01eeaa73bd18b1) Importer(2089858483,192608db42251d675da83286b1cce702) (ScriptedImporter) -> (artifact id: '4b5033d05a4202ca4f91ee85ff6cbba8') in 0.0267059 seconds
Number of updated asset objects reloaded before import = 0Number of asset objects unloaded after import = 0

========================================================================
Received Import Request.
  Time since last request: 0.000023 seconds.
  path: Assets/barry/Sweep/Script/DynamicSpawnManager.cs
  artifactKey: Guid(047ca00619a876a4fa3e11144c02bbc1) Importer(2089858483,192608db42251d675da83286b1cce702)
Start importing Assets/barry/Sweep/Script/DynamicSpawnManager.cs using Guid(047ca00619a876a4fa3e11144c02bbc1) Importer(2089858483,192608db42251d675da83286b1cce702) (ScriptedImporter) -> (artifact id: '578894bd5ee43fa999852244f80b21a5') in 0.0248989 seconds
Number of updated asset objects reloaded before import = 0Number of asset objects unloaded after import = 0

========================================================================
Received Import Request.
  Time since last request: 0.000024 seconds.
  path: Assets/barry/Sweep/Animation/broom animation/left.anim
  artifactKey: Guid(57dd7628978d1a74f98ac8a0f69f5db5) Importer(2089858483,192608db42251d675da83286b1cce702)
Start importing Assets/barry/Sweep/Animation/broom animation/left.anim using Guid(57dd7628978d1a74f98ac8a0f69f5db5) Importer(2089858483,192608db42251d675da83286b1cce702) (ScriptedImporter) -> (artifact id: '8401ca4efcb91d5e2607d11a61e20559') in 0.0296887 seconds
Number of updated asset objects reloaded before import = 0Number of asset objects unloaded after import = 1

========================================================================
Received Import Request.
  Time since last request: 0.000038 seconds.
  path: Assets/barry/Sweep/Animation/broom animation/sweap.controller
  artifactKey: Guid(a9c7d5932970bd74db5a5fde91b24718) Importer(2089858483,192608db42251d675da83286b1cce702)
Start importing Assets/barry/Sweep/Animation/broom animation/sweap.controller using Guid(a9c7d5932970bd74db5a5fde91b24718) Importer(2089858483,192608db42251d675da83286b1cce702) (ScriptedImporter) -> (artifact id: 'fb0bbf6eacc1d04f8ffcb74563494c95') in 0.038049 seconds
Number of updated asset objects reloaded before import = 0Number of asset objects unloaded after import = 46

========================================================================
Received Import Request.
  Time since last request: 0.000024 seconds.
  path: Assets/TutorialInfo/Scripts/Readme.cs
  artifactKey: Guid(fcf7219bab7fe46a1ad266029b2fee19) Importer(2089858483,192608db42251d675da83286b1cce702)
Start importing Assets/TutorialInfo/Scripts/Readme.cs using Guid(fcf7219bab7fe46a1ad266029b2fee19) Importer(2089858483,192608db42251d675da83286b1cce702) (ScriptedImporter) -> (artifact id: '281ce76d73c6e16f4b9890ef6deef308') in 0.0218691 seconds
Number of updated asset objects reloaded before import = 0Number of asset objects unloaded after import = 0

========================================================================
Received Import Request.
  Time since last request: 0.000026 seconds.
  path: Assets/barry/Sweep/Animation/broom animation/大力掃右下.png
  artifactKey: Guid(59b2fee1d57a34a4982ca02223976797) Importer(2089858483,192608db42251d675da83286b1cce702)
Start importing Assets/barry/Sweep/Animation/broom animation/大力掃右下.png using Guid(59b2fee1d57a34a4982ca02223976797) Importer(2089858483,192608db42251d675da83286b1cce702) (ScriptedImporter) -> (artifact id: 'd3552cf227a0309ed89234ae34ea859a') in 0.0751623 seconds
Number of updated asset objects reloaded before import = 0Number of asset objects unloaded after import = 12

========================================================================
Received Import Request.
  Time since last request: 0.000032 seconds.
  path: Assets/barry/Sweep/spirte/黑洞(1).png
  artifactKey: Guid(69d67f157fa873648965b3f15b1c0631) Importer(2089858483,192608db42251d675da83286b1cce702)
Start importing Assets/barry/Sweep/spirte/黑洞(1).png using Guid(69d67f157fa873648965b3f15b1c0631) Importer(2089858483,192608db42251d675da83286b1cce702) (ScriptedImporter) -> (artifact id: 'da000372f8d2ea047ab6216864d30356') in 0.0602788 seconds
Number of updated asset objects reloaded before import = 0Number of asset objects unloaded after import = 3

========================================================================
Received Import Request.
  Time since last request: 0.000023 seconds.
  path: Assets/barry/Sweep/Script/BalckObstacle.cs
  artifactKey: Guid(8c9052d5004740d44822375c10baf4ad) Importer(2089858483,192608db42251d675da83286b1cce702)
Start importing Assets/barry/Sweep/Script/BalckObstacle.cs using Guid(8c9052d5004740d44822375c10baf4ad) Importer(2089858483,192608db42251d675da83286b1cce702) (ScriptedImporter) -> (artifact id: 'f807ab3f4eae1e0f8d73d5b44f6db24f') in 0.0253442 seconds
Number of updated asset objects reloaded before import = 0Number of asset objects unloaded after import = 0

========================================================================
Received Import Request.
  Time since last request: 0.000023 seconds.
  path: Assets/barry/Sweep/Script/Ani/PlayerAnimatorController.cs
  artifactKey: Guid(778ac4972519d1d4c964f8814251d35a) Importer(2089858483,192608db42251d675da83286b1cce702)
Start importing Assets/barry/Sweep/Script/Ani/PlayerAnimatorController.cs using Guid(778ac4972519d1d4c964f8814251d35a) Importer(2089858483,192608db42251d675da83286b1cce702) (ScriptedImporter) -> (artifact id: '1d76ee9477d35542ad219208aff907d1') in 0.0261684 seconds
Number of updated asset objects reloaded before import = 0Number of asset objects unloaded after import = 0

========================================================================
Received Import Request.
  Time since last request: 0.000040 seconds.
  path: Assets/barry/Sweep/Animation/broom animation/蓄力.png
  artifactKey: Guid(efbe38e6f151f5e4ea03b6ce25e8a1be) Importer(2089858483,192608db42251d675da83286b1cce702)
Start importing Assets/barry/Sweep/Animation/broom animation/蓄力.png using Guid(efbe38e6f151f5e4ea03b6ce25e8a1be) Importer(2089858483,192608db42251d675da83286b1cce702) (ScriptedImporter) -> (artifact id: '29422b54505dc658e40242ce530f6715') in 0.0745793 seconds
Number of updated asset objects reloaded before import = 0Number of asset objects unloaded after import = 7

========================================================================
Received Prepare
Shader Hidden/ProbeVolume/VoxelizeScene is not supported: GPU does not support conservative rasterization
Refreshing native plugins compatible for Editor in 2.78 ms, found 3 plugins.
Preloading 0 native plugins for Editor in 0.00 ms.
Unloading 13 Unused Serialized files (Serialized files now loaded: 0)
Unloading 6146 unused Assets / (3.8 MB). Loaded Objects now: 6869.
Memory consumption went from 130.5 MB to 126.8 MB.
Total: 24.979100 ms (FindLiveObjects: 1.191400 ms CreateObjectMapping: 1.580100 ms MarkObjects: 16.999900 ms  DeleteObjects: 5.205700 ms)

Prepare: number of updated asset objects reloaded= 0
========================================================================
Received Import Request.
  Time since last request: 1.074212 seconds.
  path: Assets/barry/Sweep/Script/Trash/BananaTrash.cs
  artifactKey: Guid(c6b5b0e7974dd5e45b913a4a49330658) Importer(2089858483,192608db42251d675da83286b1cce702)
Start importing Assets/barry/Sweep/Script/Trash/BananaTrash.cs using Guid(c6b5b0e7974dd5e45b913a4a49330658) Importer(2089858483,192608db42251d675da83286b1cce702) (ScriptedImporter) -> (artifact id: '2a7f761f6a9f8954fe25f743e7864c99') in 0.043106 seconds
Number of updated asset objects reloaded before import = 0Number of asset objects unloaded after import = 0

========================================================================
Received Import Request.
  Time since last request: 0.000032 seconds.
  path: Assets/barry/Sweep/Script/Trash/BaseTrash.cs
  artifactKey: Guid(2ba6984dfd85fe840b4a4fcb813fa182) Importer(2089858483,192608db42251d675da83286b1cce702)
Start importing Assets/barry/Sweep/Script/Trash/BaseTrash.cs using Guid(2ba6984dfd85fe840b4a4fcb813fa182) Importer(2089858483,192608db42251d675da83286b1cce702) (ScriptedImporter) -> (artifact id: 'f40d6098a7a6d1c288a6de1c4a1dee53') in 0.0260816 seconds
Number of updated asset objects reloaded before import = 0Number of asset objects unloaded after import = 0

========================================================================
Received Import Request.
  Time since last request: 0.000043 seconds.
  path: Assets/barry/Sweep/Script/Ani/RightClickState.cs
  artifactKey: Guid(9a1abed9ffefb4d4fb82eab570819d07) Importer(815301076,1909f56bfc062723c751e8b465ee728b)
Start importing Assets/barry/Sweep/Script/Ani/RightClickState.cs using Guid(9a1abed9ffefb4d4fb82eab570819d07) Importer(815301076,1909f56bfc062723c751e8b465ee728b) (PreviewImporter) -> (artifact id: '56fa8267a83e7be8505474cbc18c768a') in 0.0014484 seconds
Number of updated asset objects reloaded before import = 0Number of asset objects unloaded after import = 0

========================================================================
Received Import Request.
  Time since last request: 13.443974 seconds.
  path: Assets/Settings/Mobile_Renderer.asset
  artifactKey: Guid(65bc7dbf4170f435aa868c779acfb082) Importer(2089858483,192608db42251d675da83286b1cce702)
Start importing Assets/Settings/Mobile_Renderer.asset using Guid(65bc7dbf4170f435aa868c779acfb082) Importer(2089858483,192608db42251d675da83286b1cce702) (ScriptedImporter) -> (artifact id: '35bf95892a114b5c38a8096b458c4cc5') in 0.110492 seconds
Number of updated asset objects reloaded before import = 0Number of asset objects unloaded after import = 1

========================================================================
Received Import Request.
  Time since last request: 0.000044 seconds.
  path: Assets/barry/Sweep/Animation/broom animation/right_up.anim
  artifactKey: Guid(c97242033ef8d424cb7b3e2035ce7b8b) Importer(2089858483,192608db42251d675da83286b1cce702)
Start importing Assets/barry/Sweep/Animation/broom animation/right_up.anim using Guid(c97242033ef8d424cb7b3e2035ce7b8b) Importer(2089858483,192608db42251d675da83286b1cce702) (ScriptedImporter) -> (artifact id: 'adcc3a263b23b8431885f9e78fa96578') in 0.0326762 seconds
Number of updated asset objects reloaded before import = 0Number of asset objects unloaded after import = 1

========================================================================
Received Import Request.
  Time since last request: 0.000037 seconds.
  path: Assets/barry/Sweep/Animation/broom animation/上掃.png
  artifactKey: Guid(40d2737d8940ffd42be62c9ac6b2edf3) Importer(2089858483,192608db42251d675da83286b1cce702)
Start importing Assets/barry/Sweep/Animation/broom animation/上掃.png using Guid(40d2737d8940ffd42be62c9ac6b2edf3) Importer(2089858483,192608db42251d675da83286b1cce702) (ScriptedImporter) -> (artifact id: '0a85de0ff997e0107745fa2b991023e5') in 0.2272929 seconds
Number of updated asset objects reloaded before import = 0Number of asset objects unloaded after import = 8

========================================================================
Received Import Request.
  Time since last request: 0.000031 seconds.
  path: Assets/TextMesh Pro/Fonts/UoqMunThenKhung-Regular.ttf
  artifactKey: Guid(ef9b035daf4913a42bc4c039d7d1cd05) Importer(2089858483,192608db42251d675da83286b1cce702)
Start importing Assets/TextMesh Pro/Fonts/UoqMunThenKhung-Regular.ttf using Guid(ef9b035daf4913a42bc4c039d7d1cd05) Importer(2089858483,192608db42251d675da83286b1cce702) (ScriptedImporter) -> (artifact id: '065156bd9c592259c2dd6326eb6bf639') in 0.0695042 seconds
Number of updated asset objects reloaded before import = 0Number of asset objects unloaded after import = 3

========================================================================
Received Import Request.
  Time since last request: 0.000043 seconds.
  path: Assets/barry/Sweep/Animation/broom animation/左掃.png
  artifactKey: Guid(c44ea2de0f46bdf4eabf563ba143ff66) Importer(2089858483,192608db42251d675da83286b1cce702)
Start importing Assets/barry/Sweep/Animation/broom animation/左掃.png using Guid(c44ea2de0f46bdf4eabf563ba143ff66) Importer(2089858483,192608db42251d675da83286b1cce702) (ScriptedImporter) -> (artifact id: '560892037fbbcae750064b40bd0985c6') in 0.0801499 seconds
Number of updated asset objects reloaded before import = 0Number of asset objects unloaded after import = 8

========================================================================
Received Import Request.
  Time since last request: 0.000055 seconds.
  path: Assets/barry/Sweep/Animation/broom animation/大力掃左.png
  artifactKey: Guid(a0f729a442980b448aae0ec0190eafc5) Importer(2089858483,192608db42251d675da83286b1cce702)
Start importing Assets/barry/Sweep/Animation/broom animation/大力掃左.png using Guid(a0f729a442980b448aae0ec0190eafc5) Importer(2089858483,192608db42251d675da83286b1cce702) (ScriptedImporter) -> (artifact id: 'fd12b87383a7663b8a988350e4a8db04') in 0.1796105 seconds
Number of updated asset objects reloaded before import = 0Number of asset objects unloaded after import = 13

========================================================================
Received Import Request.
  Time since last request: 0.000047 seconds.
  path: Assets/barry/Sweep/Perfab/paperTrash.prefab
  artifactKey: Guid(925a7260f27d87a49b5ed3c6b2b42b50) Importer(2089858483,192608db42251d675da83286b1cce702)
Start importing Assets/barry/Sweep/Perfab/paperTrash.prefab using Guid(925a7260f27d87a49b5ed3c6b2b42b50) Importer(2089858483,192608db42251d675da83286b1cce702) (ScriptedImporter) -> (artifact id: '27e5f9dc4789a2e34619c72bec722fe8') in 0.1135962 seconds
Number of updated asset objects reloaded before import = 0Number of asset objects unloaded after import = 12

========================================================================
Received Import Request.
  Time since last request: 0.000038 seconds.
  path: Assets/barry/Sweep/Script/BaseObstacle.cs
  artifactKey: Guid(6be9fcf647c7f4a4280d0744d6ea0a25) Importer(2089858483,192608db42251d675da83286b1cce702)
Start importing Assets/barry/Sweep/Script/BaseObstacle.cs using Guid(6be9fcf647c7f4a4280d0744d6ea0a25) Importer(2089858483,192608db42251d675da83286b1cce702) (ScriptedImporter) -> (artifact id: '704127d554e7343718636ba8a6b16a72') in 0.0705091 seconds
Number of updated asset objects reloaded before import = 0Number of asset objects unloaded after import = 0

========================================================================
Received Import Request.
  Time since last request: 0.000079 seconds.
  path: Assets/barry/Sweep/Script/BasePoolItem.cs
  artifactKey: Guid(9c58746351818714c80150edae21cb85) Importer(2089858483,192608db42251d675da83286b1cce702)
Start importing Assets/barry/Sweep/Script/BasePoolItem.cs using Guid(9c58746351818714c80150edae21cb85) Importer(2089858483,192608db42251d675da83286b1cce702) (ScriptedImporter) -> (artifact id: '571051ca47e0dab7eb99641a94fffe3d') in 0.0500143 seconds
Number of updated asset objects reloaded before import = 0Number of asset objects unloaded after import = 0

========================================================================
Received Import Request.
  Time since last request: 0.004600 seconds.
  path: Assets/barry/Sweep/Animation/broom animation/down.anim
  artifactKey: Guid(c009b6879343d7946b0112bf25a0e696) Importer(2089858483,192608db42251d675da83286b1cce702)
Start importing Assets/barry/Sweep/Animation/broom animation/down.anim using Guid(c009b6879343d7946b0112bf25a0e696) Importer(2089858483,192608db42251d675da83286b1cce702) (ScriptedImporter) -> (artifact id: 'c571ade7b4e02cf2a195a4b765a3e1bd') in 0.1035753 seconds
Number of updated asset objects reloaded before import = 0Number of asset objects unloaded after import = 1

========================================================================
Received Import Request.
  Time since last request: 0.000046 seconds.
  path: Assets/TextMesh Pro/Shaders/SDFFunctions.hlsl
  artifactKey: Guid(96de908384869cd409c75efa351d5edf) Importer(2089858483,192608db42251d675da83286b1cce702)
Start importing Assets/TextMesh Pro/Shaders/SDFFunctions.hlsl using Guid(96de908384869cd409c75efa351d5edf) Importer(2089858483,192608db42251d675da83286b1cce702) (ScriptedImporter) -> (artifact id: 'bca7abc6b167681a537f1f987ba24ed3') in 0.0482494 seconds
Number of updated asset objects reloaded before import = 0Number of asset objects unloaded after import = 1

========================================================================
Received Import Request.
  Time since last request: 0.000034 seconds.
  path: Assets/barry/Sweep/Script/DynamicSweepMesh.cs
  artifactKey: Guid(45aec110b16d60546a3cb61e1c24765c) Importer(2089858483,192608db42251d675da83286b1cce702)
Start importing Assets/barry/Sweep/Script/DynamicSweepMesh.cs using Guid(45aec110b16d60546a3cb61e1c24765c) Importer(2089858483,192608db42251d675da83286b1cce702) (ScriptedImporter) -> (artifact id: '992f509c269258739a78df1608e20fbe') in 0.0648363 seconds
Number of updated asset objects reloaded before import = 0Number of asset objects unloaded after import = 0

========================================================================
Received Import Request.
  Time since last request: 0.000155 seconds.
  path: Assets/barry/Sweep/Animation/broom animation/下掃.png
  artifactKey: Guid(8989c1aeb74e11e4db50ba82d4c5e707) Importer(2089858483,192608db42251d675da83286b1cce702)
Start importing Assets/barry/Sweep/Animation/broom animation/下掃.png using Guid(8989c1aeb74e11e4db50ba82d4c5e707) Importer(2089858483,192608db42251d675da83286b1cce702) (ScriptedImporter) -> (artifact id: '49e914cac704fb8621c6adc04f7feca9') in 0.1255676 seconds
Number of updated asset objects reloaded before import = 0Number of asset objects unloaded after import = 8

========================================================================
Received Import Request.
  Time since last request: 0.000055 seconds.
  path: Assets/barry/Sweep/Animation/broom animation/大力掃左上.png
  artifactKey: Guid(d4c36cae4a452aa47a10423efe58e7a2) Importer(2089858483,192608db42251d675da83286b1cce702)
Start importing Assets/barry/Sweep/Animation/broom animation/大力掃左上.png using Guid(d4c36cae4a452aa47a10423efe58e7a2) Importer(2089858483,192608db42251d675da83286b1cce702) (ScriptedImporter) -> (artifact id: '020af3e360cc53b8a5c08e9051b470a7') in 0.187622 seconds
Number of updated asset objects reloaded before import = 0Number of asset objects unloaded after import = 16

========================================================================
Received Import Request.
  Time since last request: 0.000072 seconds.
  path: Assets/barry/Sweep/Animation/broom animation/hard_right_down.anim
  artifactKey: Guid(ef8aed03477d38043800835aae90e3a5) Importer(2089858483,192608db42251d675da83286b1cce702)
Start importing Assets/barry/Sweep/Animation/broom animation/hard_right_down.anim using Guid(ef8aed03477d38043800835aae90e3a5) Importer(2089858483,192608db42251d675da83286b1cce702) (ScriptedImporter) -> (artifact id: '3892ae0edac93685306a3f9befa610b3') in 0.0353825 seconds
Number of updated asset objects reloaded before import = 0Number of asset objects unloaded after import = 1

========================================================================
Received Import Request.
  Time since last request: 0.000047 seconds.
  path: Assets/barry/Sweep/ScriptableObject/levelSetting.asset
  artifactKey: Guid(758a7185b88a6244eb8e8eb1b157b882) Importer(2089858483,192608db42251d675da83286b1cce702)
Start importing Assets/barry/Sweep/ScriptableObject/levelSetting.asset using Guid(758a7185b88a6244eb8e8eb1b157b882) Importer(2089858483,192608db42251d675da83286b1cce702) (ScriptedImporter) -> (artifact id: 'f66c73d39cdaf5ef8d9d701e29054ef9') in 0.0391175 seconds
Number of updated asset objects reloaded before import = 0Number of asset objects unloaded after import = 1

========================================================================
Received Import Request.
  Time since last request: 0.000035 seconds.
  path: Assets/barry/Sweep/spirte/—Pngtree—gray triangle_4719972.png
  artifactKey: Guid(a56700476425ea247be9328f3913819f) Importer(2089858483,192608db42251d675da83286b1cce702)
Start importing Assets/barry/Sweep/spirte/—Pngtree—gray triangle_4719972.png using Guid(a56700476425ea247be9328f3913819f) Importer(2089858483,192608db42251d675da83286b1cce702) (ScriptedImporter) -> (artifact id: 'fef41ce9a720e15acbb429eab4ff0526') in 0.067634 seconds
Number of updated asset objects reloaded before import = 0Number of asset objects unloaded after import = 3

========================================================================
Received Import Request.
  Time since last request: 0.000042 seconds.
  path: Assets/barry/Sweep/Animation/broom animation/right.anim
  artifactKey: Guid(15d4c905c9833f54a89d8399f5809903) Importer(2089858483,192608db42251d675da83286b1cce702)
Start importing Assets/barry/Sweep/Animation/broom animation/right.anim using Guid(15d4c905c9833f54a89d8399f5809903) Importer(2089858483,192608db42251d675da83286b1cce702) (ScriptedImporter) -> (artifact id: '4be35049c3d3027b22c6482a5b7b1e6a') in 0.0938857 seconds
Number of updated asset objects reloaded before import = 0Number of asset objects unloaded after import = 1

========================================================================
Received Import Request.
  Time since last request: 0.000032 seconds.
  path: Assets/barry/Sweep/Perfab/balckHole.prefab
  artifactKey: Guid(44ba58a1c49583b489717af090a1e415) Importer(2089858483,192608db42251d675da83286b1cce702)
Start importing Assets/barry/Sweep/Perfab/balckHole.prefab using Guid(44ba58a1c49583b489717af090a1e415) Importer(2089858483,192608db42251d675da83286b1cce702) (ScriptedImporter) -> (artifact id: 'd61689df1e90b24600129e4a5c9ec40c') in 0.0629065 seconds
Number of updated asset objects reloaded before import = 0Number of asset objects unloaded after import = 11

========================================================================
Received Import Request.
  Time since last request: 0.000041 seconds.
  path: Assets/TextMesh Pro/Shaders/TMP_Sprite.shader
  artifactKey: Guid(cf81c85f95fe47e1a27f6ae460cf182c) Importer(2089858483,192608db42251d675da83286b1cce702)
Start importing Assets/TextMesh Pro/Shaders/TMP_Sprite.shader using Guid(cf81c85f95fe47e1a27f6ae460cf182c) Importer(2089858483,192608db42251d675da83286b1cce702) (ScriptedImporter) -> (artifact id: 'e437e652b7cb6ee63247fa1e8e21dd2f') in 0.032709 seconds
Number of updated asset objects reloaded before import = 0Number of asset objects unloaded after import = 1

========================================================================
Received Import Request.
  Time since last request: 0.000038 seconds.
  path: Assets/barry/Sweep/Script/TrashCounter.cs
  artifactKey: Guid(d98208d6a2405de438d5ee6a2ec936a5) Importer(2089858483,192608db42251d675da83286b1cce702)
Start importing Assets/barry/Sweep/Script/TrashCounter.cs using Guid(d98208d6a2405de438d5ee6a2ec936a5) Importer(2089858483,192608db42251d675da83286b1cce702) (ScriptedImporter) -> (artifact id: 'c9260ea760b7c3a36378806bad550d9b') in 0.0308559 seconds
Number of updated asset objects reloaded before import = 0Number of asset objects unloaded after import = 0

========================================================================
Received Import Request.
  Time since last request: 0.000033 seconds.
  path: Assets/TextMesh Pro/Shaders/TMPro_Surface.cginc
  artifactKey: Guid(d930090c0cd643c7b55f19a38538c162) Importer(2089858483,192608db42251d675da83286b1cce702)
Start importing Assets/TextMesh Pro/Shaders/TMPro_Surface.cginc using Guid(d930090c0cd643c7b55f19a38538c162) Importer(2089858483,192608db42251d675da83286b1cce702) (ScriptedImporter) -> (artifact id: '47fef905b74363a0c7d4823de11c7fb9') in 0.0340775 seconds
Number of updated asset objects reloaded before import = 0Number of asset objects unloaded after import = 1

========================================================================
Received Prepare
Begin MonoManager ReloadAssembly
- Loaded All Assemblies, in  3.343 seconds
Refreshing native plugins compatible for Editor in 4.62 ms, found 3 plugins.
Native extension for WindowsStandalone target not found
[Package Manager] Failed to launch server process. Reason: Unity was launched with the -noUpm command-line argument
[Package Manager] Unable to send message (not connected to server process).
[Package Manager] Cannot connect to Unity Package Manager local server
Mono: successfully reloaded assembly
- Finished resetting the current domain, in  3.303 seconds
Domain Reload Profiling: 6641ms
	BeginReloadAssembly (649ms)
		ExecutionOrderSort (0ms)
		DisableScriptedObjects (21ms)
		BackupInstance (0ms)
		ReleaseScriptingObjects (0ms)
		CreateAndSetChildDomain (173ms)
	RebuildCommonClasses (126ms)
	RebuildNativeTypeToScriptingClass (48ms)
	initialDomainReloadingComplete (98ms)
	LoadAllAssembliesAndSetupDomain (2415ms)
		LoadAssemblies (1542ms)
		RebuildTransferFunctionScriptingTraits (0ms)
		AnalyzeDomain (1176ms)
			TypeCache.Refresh (37ms)
				TypeCache.ScanAssembly (7ms)
			BuildScriptInfoCaches (1086ms)
			ResolveRequiredComponents (42ms)
	FinalizeReload (3305ms)
		ReleaseScriptCaches (0ms)
		RebuildScriptCaches (0ms)
		SetupLoadedEditorAssemblies (2484ms)
			LogAssemblyErrors (0ms)
			InitializePlatformSupportModulesInManaged (9ms)
			SetLoadedEditorAssemblies (24ms)
			BeforeProcessingInitializeOnLoad (764ms)
			ProcessInitializeOnLoadAttributes (1456ms)
			ProcessInitializeOnLoadMethodAttributes (198ms)
			AfterProcessingInitializeOnLoad (33ms)
			EditorAssembliesLoaded (1ms)
		ExecutionOrderSort2 (0ms)
		AwakeInstancesAfterBackupRestoration (166ms)
Shader Hidden/ProbeVolume/VoxelizeScene is not supported: GPU does not support conservative rasterization
Refreshing native plugins compatible for Editor in 3.05 ms, found 3 plugins.
Preloading 0 native plugins for Editor in 0.00 ms.
Unloading 13 Unused Serialized files (Serialized files now loaded: 0)
Unloading 6153 unused Assets / (4.2 MB). Loaded Objects now: 6884.
Memory consumption went from 143.0 MB to 138.8 MB.
Total: 17.082900 ms (FindLiveObjects: 1.086500 ms CreateObjectMapping: 1.818200 ms MarkObjects: 9.485400 ms  DeleteObjects: 4.691200 ms)

Prepare: number of updated asset objects reloaded= 0
Editor requested this worker to shutdown with reason: Scaling down because of idle timeout
AssetImportWorker is now disconnected from the server
Process exiting
Exiting without the bug reporter. Application will terminate with return code 0